<?xml version="1.0" encoding="UTF-8"?>
<!-- Generated by org.testng.reporters.JUnitReportReporter -->
<testsuite hostname="DESKTOP-V76S8CV" failures="0" tests="1" name="com.bw.qa.testcases.AddAddressTest" time="11.372" errors="0" timestamp="2022-09-28T15:26:28 IST" skipped="0">
  <testcase classname="com.bw.qa.testcases.AddAddressTest" name="AddAddress" time="11.372"/>
  <system-out/>
</testsuite> <!-- com.bw.qa.testcases.AddAddressTest -->
