<?xml version="1.0" encoding="UTF-8"?>
<!-- Generated by org.testng.reporters.JUnitReportReporter -->
<testsuite hostname="DESKTOP-V76S8CV" failures="0" tests="5" name="com.bw.qa.testcases.WishListPageTest" time="99.009" errors="0" timestamp="2022-09-28T15:26:28 IST" skipped="0">
  <testcase classname="com.bw.qa.testcases.WishListPageTest" name="feature_authTest" time="23.017"/>
  <system-out/>
  <testcase classname="com.bw.qa.testcases.WishListPageTest" name="search_BookNameTest" time="18.245"/>
  <system-out/>
  <testcase classname="com.bw.qa.testcases.WishListPageTest" name="addWishlist_AuthorNameTest" time="24.190"/>
  <system-out/>
  <testcase classname="com.bw.qa.testcases.WishListPageTest" name="addWishlist_PublisherTest" time="19.636"/>
  <system-out/>
  <testcase classname="com.bw.qa.testcases.WishListPageTest" name="wishlist_Test" time="13.921"/>
  <system-out/>
</testsuite> <!-- com.bw.qa.testcases.WishListPageTest -->
