<?xml version="1.0" encoding="UTF-8"?>
<!-- Generated by org.testng.reporters.JUnitReportReporter -->
<testsuite hostname="DESKTOP-V76S8CV" failures="0" tests="2" name="com.bw.qa.testcases.SearchBookPageTest" time="29.373" errors="0" timestamp="2022-09-28T15:26:28 IST" skipped="0">
  <testcase classname="com.bw.qa.testcases.SearchBookPageTest" name="verifySearchPageTest" time="23.815"/>
  <system-out/>
  <testcase classname="com.bw.qa.testcases.SearchBookPageTest" name="validateSearchPageTitle" time="5.558"/>
  <system-out/>
</testsuite> <!-- com.bw.qa.testcases.SearchBookPageTest -->
