<?xml version="1.0" encoding="UTF-8"?>
<!-- Generated by org.testng.reporters.JUnitReportReporter -->
<testsuite hostname="DESKTOP-V76S8CV" failures="0" tests="3" name="com.bw.qa.testcases.LoginPageTest" time="24.984" errors="0" timestamp="2022-09-28T15:26:28 IST" skipped="0">
  <testcase classname="com.bw.qa.testcases.LoginPageTest" name="loginPageUrlTest" time="9.128"/>
  <system-out/>
  <testcase classname="com.bw.qa.testcases.LoginPageTest" name="loginTest" time="8.957"/>
  <system-out/>
  <testcase classname="com.bw.qa.testcases.LoginPageTest" name="loginPageTitleTest" time="6.899"/>
  <system-out/>
</testsuite> <!-- com.bw.qa.testcases.LoginPageTest -->
