<?xml version="1.0" encoding="UTF-8"?>
<!-- Generated by org.testng.reporters.JUnitReportReporter -->
<testsuite hostname="DESKTOP-V76S8CV" failures="0" tests="3" name="com.bw.qa.testcases.HomePageTest" time="27.618" errors="0" timestamp="2022-09-28T15:26:28 IST" skipped="0">
  <testcase classname="com.bw.qa.testcases.HomePageTest" name="verifyHomePageTest" time="10.104"/>
  <system-out/>
  <testcase classname="com.bw.qa.testcases.HomePageTest" name="verifyuserPersonalSettings" time="9.511"/>
  <system-out/>
  <testcase classname="com.bw.qa.testcases.HomePageTest" name="verifyMyOrders" time="8.003"/>
  <system-out/>
</testsuite> <!-- com.bw.qa.testcases.HomePageTest -->
